<?xml version="1.0" encoding="UTF-8"?>
<testng-results ignored="0" total="1" passed="1" failed="0" skipped="0">
  <reporter-output>
  </reporter-output>
  <suite started-at="2024-11-02T04:47:42 IST" name="Surefire suite" finished-at="2024-11-02T04:47:59 IST" duration-ms="17368">
    <groups>
      <group name="cucumber">
        <method signature="AbstractTestNGCucumberTests.runScenario(io.cucumber.testng.PickleWrapper,io.cucumber.testng.FeatureWrapper)[pri:0, instance:runner.TestNGrUNNER@2a54a73f]" name="runScenario" class="io.cucumber.testng.AbstractTestNGCucumberTests"/>
      </group> <!-- cucumber -->
    </groups>
    <test started-at="2024-11-02T04:47:42 IST" name="Surefire test" finished-at="2024-11-02T04:47:59 IST" duration-ms="17368">
      <class name="runner.TestNGrUNNER">
        <test-method is-config="true" signature="setUpClass(org.testng.ITestContext)[pri:0, instance:runner.TestNGrUNNER@2a54a73f]" started-at="2024-11-02T04:47:42 IST" name="setUpClass" finished-at="2024-11-02T04:47:42 IST" duration-ms="429" status="PASS">
          <params>
            <param index="0">
              <value>
                <![CDATA[org.testng.TestRunner@4bdc8b5d]]>
              </value>
            </param>
          </params>
          <reporter-output>
          </reporter-output>
        </test-method> <!-- setUpClass -->
        <test-method signature="runScenario(io.cucumber.testng.PickleWrapper,io.cucumber.testng.FeatureWrapper)[pri:0, instance:runner.TestNGrUNNER@2a54a73f]" started-at="2024-11-02T04:47:42 IST" name="runScenario" description="Runs Cucumber Scenarios" data-provider="scenarios" finished-at="2024-11-02T04:47:59 IST" duration-ms="16862" status="PASS">
          <params>
            <param index="0">
              <value>
                <![CDATA["user on landing page and hit the toplinks url"]]>
              </value>
            </param>
            <param index="1">
              <value>
                <![CDATA["I want to launch an application"]]>
              </value>
            </param>
          </params>
          <reporter-output>
          </reporter-output>
        </test-method> <!-- runScenario -->
        <test-method is-config="true" signature="tearDownClass()[pri:0, instance:runner.TestNGrUNNER@2a54a73f]" started-at="2024-11-02T04:47:59 IST" name="tearDownClass" finished-at="2024-11-02T04:47:59 IST" duration-ms="3" status="PASS">
          <reporter-output>
          </reporter-output>
        </test-method> <!-- tearDownClass -->
      </class> <!-- runner.TestNGrUNNER -->
    </test> <!-- Surefire test -->
  </suite> <!-- Surefire suite -->
</testng-results>
