<?xml version="1.0" encoding="UTF-8"?>
<testng-results ignored="0" total="2" passed="2" failed="0" skipped="0">
  <reporter-output>
  </reporter-output>
  <suite started-at="2024-12-04T14:35:22 IST" name="Default suite" finished-at="2024-12-04T14:35:58 IST" duration-ms="36220">
    <groups>
      <group name="cucumber">
        <method signature="AbstractTestNGCucumberTests.runScenario(io.cucumber.testng.PickleWrapper,io.cucumber.testng.FeatureWrapper)[pri:0, instance:runner.TestNGrUNNER@231f98ef]" name="runScenario" class="io.cucumber.testng.AbstractTestNGCucumberTests"/>
      </group> <!-- cucumber -->
    </groups>
    <test started-at="2024-12-04T14:35:22 IST" name="Default test" finished-at="2024-12-04T14:35:58 IST" duration-ms="36220">
      <class name="runner.TestNGrUNNER">
        <test-method is-config="true" signature="setUpClass(org.testng.ITestContext)[pri:0, instance:runner.TestNGrUNNER@231f98ef]" started-at="2024-12-04T14:35:22 IST" name="setUpClass" finished-at="2024-12-04T14:35:22 IST" duration-ms="419" status="PASS">
          <params>
            <param index="0">
              <value>
                <![CDATA[org.testng.TestRunner@a92be4f]]>
              </value>
            </param>
          </params>
          <reporter-output>
          </reporter-output>
        </test-method> <!-- setUpClass -->
        <test-method signature="runScenario(io.cucumber.testng.PickleWrapper,io.cucumber.testng.FeatureWrapper)[pri:0, instance:runner.TestNGrUNNER@231f98ef]" started-at="2024-12-04T14:35:22 IST" name="runScenario" description="Runs Cucumber Scenarios" data-provider="scenarios" finished-at="2024-12-04T14:35:38 IST" duration-ms="15833" status="PASS">
          <params>
            <param index="0">
              <value>
                <![CDATA["Given the url , launch an application"]]>
              </value>
            </param>
            <param index="1">
              <value>
                <![CDATA["I want to launch an application"]]>
              </value>
            </param>
          </params>
          <reporter-output>
          </reporter-output>
        </test-method> <!-- runScenario -->
        <test-method signature="runScenario(io.cucumber.testng.PickleWrapper,io.cucumber.testng.FeatureWrapper)[pri:0, instance:runner.TestNGrUNNER@231f98ef]" started-at="2024-12-04T14:35:38 IST" name="runScenario" description="Runs Cucumber Scenarios" data-provider="scenarios" finished-at="2024-12-04T14:35:58 IST" duration-ms="19863" status="PASS">
          <params>
            <param index="0">
              <value>
                <![CDATA["user on landing page and hit the toplinks url"]]>
              </value>
            </param>
            <param index="1">
              <value>
                <![CDATA["I want to launch an application"]]>
              </value>
            </param>
          </params>
          <reporter-output>
          </reporter-output>
        </test-method> <!-- runScenario -->
        <test-method is-config="true" signature="tearDownClass()[pri:0, instance:runner.TestNGrUNNER@231f98ef]" started-at="2024-12-04T14:35:58 IST" name="tearDownClass" finished-at="2024-12-04T14:35:58 IST" duration-ms="7" status="PASS">
          <reporter-output>
          </reporter-output>
        </test-method> <!-- tearDownClass -->
      </class> <!-- runner.TestNGrUNNER -->
    </test> <!-- Default test -->
  </suite> <!-- Default suite -->
</testng-results>
